<?xml version="1.0" encoding="UTF-8"?>
<!-- Generated by org.testng.reporters.JUnitReportReporter -->
<testsuite hostname="IN-189K1N3" failures="0" tests="1" name="jenkinsMavenIntegration.SampleTestCase" time="87.895" errors="0" timestamp="6 Oct 2023 08:33:25 GMT">
  <testcase classname="jenkinsMavenIntegration.SampleTestCase" name="lauchBrowser" time="87.895"/>
</testsuite> <!-- jenkinsMavenIntegration.SampleTestCase -->
